<?xml version="1.0" encoding="UTF-8"?>
<testsuite xmlns:xsi="http://www.w3.org/2001/XMLSchema-instance" xsi:noNamespaceSchemaLocation="https://maven.apache.org/surefire/maven-surefire-plugin/xsd/surefire-test-report-3.0.xsd" version="3.0" name="RationalTest" time="0.023" tests="7" errors="0" skipped="0" failures="0">
  <properties>
    <property name="gopherProxySet" value="false"/>
    <property name="awt.toolkit" value="sun.lwawt.macosx.LWCToolkit"/>
    <property name="file.encoding.pkg" value="sun.io"/>
    <property name="java.specification.version" value="1.8"/>
    <property name="sun.cpu.isalist" value=""/>
    <property name="sun.jnu.encoding" value="UTF-8"/>
    <property name="java.class.path" value="/Users/iiamc/Documents/GitHub/Rational/target/test-classes:/Users/iiamc/Documents/GitHub/Rational/target/classes:/Users/iiamc/.m2/repository/junit/junit/4.13.2/junit-4.13.2.jar:/Users/iiamc/.m2/repository/org/hamcrest/hamcrest-core/1.3/hamcrest-core-1.3.jar:"/>
    <property name="java.vm.vendor" value="Amazon.com Inc."/>
    <property name="sun.arch.data.model" value="64"/>
    <property name="java.vendor.url" value="https://aws.amazon.com/corretto/"/>
    <property name="user.timezone" value=""/>
    <property name="java.vm.specification.version" value="1.8"/>
    <property name="os.name" value="Mac OS X"/>
    <property name="user.country" value="TH"/>
    <property name="sun.java.launcher" value="SUN_STANDARD"/>
    <property name="sun.boot.library.path" value="/Users/iiamc/Library/Java/JavaVirtualMachines/corretto-1.8.0_462/Contents/Home/jre/lib"/>
    <property name="sun.java.command" value="/Users/iiamc/Documents/GitHub/Rational/target/surefire/surefirebooter-20250917220823038_3.jar /Users/iiamc/Documents/GitHub/Rational/target/surefire 2025-09-17T22-08-22_995-jvmRun1 surefire-20250917220823038_1tmp surefire_0-20250917220823038_2tmp"/>
    <property name="http.nonProxyHosts" value="local|*.local|169.254/16|*.169.254/16"/>
    <property name="surefire.test.class.path" value="/Users/iiamc/Documents/GitHub/Rational/target/test-classes:/Users/iiamc/Documents/GitHub/Rational/target/classes:/Users/iiamc/.m2/repository/junit/junit/4.13.2/junit-4.13.2.jar:/Users/iiamc/.m2/repository/org/hamcrest/hamcrest-core/1.3/hamcrest-core-1.3.jar:"/>
    <property name="sun.cpu.endian" value="little"/>
    <property name="user.home" value="/Users/iiamc"/>
    <property name="user.language" value="en"/>
    <property name="java.specification.vendor" value="Oracle Corporation"/>
    <property name="java.home" value="/Users/iiamc/Library/Java/JavaVirtualMachines/corretto-1.8.0_462/Contents/Home/jre"/>
    <property name="basedir" value="/Users/iiamc/Documents/GitHub/Rational"/>
    <property name="file.separator" value="/"/>
    <property name="line.separator" value="&#10;"/>
    <property name="java.vm.specification.vendor" value="Oracle Corporation"/>
    <property name="java.specification.name" value="Java Platform API Specification"/>
    <property name="java.awt.graphicsenv" value="sun.awt.CGraphicsEnvironment"/>
    <property name="surefire.real.class.path" value="/Users/iiamc/Documents/GitHub/Rational/target/surefire/surefirebooter-20250917220823038_3.jar"/>
    <property name="sun.boot.class.path" value="/Users/iiamc/Library/Java/JavaVirtualMachines/corretto-1.8.0_462/Contents/Home/jre/lib/resources.jar:/Users/iiamc/Library/Java/JavaVirtualMachines/corretto-1.8.0_462/Contents/Home/jre/lib/rt.jar:/Users/iiamc/Library/Java/JavaVirtualMachines/corretto-1.8.0_462/Contents/Home/jre/lib/sunrsasign.jar:/Users/iiamc/Library/Java/JavaVirtualMachines/corretto-1.8.0_462/Contents/Home/jre/lib/jsse.jar:/Users/iiamc/Library/Java/JavaVirtualMachines/corretto-1.8.0_462/Contents/Home/jre/lib/jce.jar:/Users/iiamc/Library/Java/JavaVirtualMachines/corretto-1.8.0_462/Contents/Home/jre/lib/charsets.jar:/Users/iiamc/Library/Java/JavaVirtualMachines/corretto-1.8.0_462/Contents/Home/jre/lib/jfr.jar:/Users/iiamc/Library/Java/JavaVirtualMachines/corretto-1.8.0_462/Contents/Home/jre/classes"/>
    <property name="sun.management.compiler" value="HotSpot 64-Bit Tiered Compilers"/>
    <property name="ftp.nonProxyHosts" value="local|*.local|169.254/16|*.169.254/16"/>
    <property name="java.runtime.version" value="1.8.0_462-b08"/>
    <property name="user.name" value="iiamc"/>
    <property name="path.separator" value=":"/>
    <property name="os.version" value="15.6"/>
    <property name="java.endorsed.dirs" value="/Users/iiamc/Library/Java/JavaVirtualMachines/corretto-1.8.0_462/Contents/Home/jre/lib/endorsed"/>
    <property name="java.runtime.name" value="OpenJDK Runtime Environment"/>
    <property name="file.encoding" value="UTF-8"/>
    <property name="java.vm.name" value="OpenJDK 64-Bit Server VM"/>
    <property name="localRepository" value="/Users/iiamc/.m2/repository"/>
    <property name="java.vendor.url.bug" value="https://github.com/corretto/corretto-8/issues/"/>
    <property name="java.io.tmpdir" value="/var/folders/cc/n6c4pfzs5qz3y888c2yb94940000gn/T/"/>
    <property name="idea.version" value="2024.3.5"/>
    <property name="java.version" value="1.8.0_462"/>
    <property name="user.dir" value="/Users/iiamc/Documents/GitHub/Rational"/>
    <property name="os.arch" value="aarch64"/>
    <property name="java.vm.specification.name" value="Java Virtual Machine Specification"/>
    <property name="java.awt.printerjob" value="sun.lwawt.macosx.CPrinterJob"/>
    <property name="sun.os.patch.level" value="unknown"/>
    <property name="java.library.path" value="/Users/iiamc/Library/Java/Extensions:/Library/Java/Extensions:/Network/Library/Java/Extensions:/System/Library/Java/Extensions:/usr/lib/java:."/>
    <property name="java.vm.info" value="mixed mode"/>
    <property name="java.vendor" value="Amazon.com Inc."/>
    <property name="java.vm.version" value="25.462-b08"/>
    <property name="java.specification.maintenance.version" value="6"/>
    <property name="java.ext.dirs" value="/Users/iiamc/Library/Java/Extensions:/Users/iiamc/Library/Java/JavaVirtualMachines/corretto-1.8.0_462/Contents/Home/jre/lib/ext:/Library/Java/Extensions:/Network/Library/Java/Extensions:/System/Library/Java/Extensions:/usr/lib/java"/>
    <property name="sun.io.unicode.encoding" value="UnicodeBig"/>
    <property name="java.class.version" value="52.0"/>
    <property name="socksNonProxyHosts" value="local|*.local|169.254/16|*.169.254/16"/>
  </properties>
  <testcase name="testAdd" classname="RationalTest" time="0.003">
    <system-out><![CDATA[Initializing the two Rational numbers.
Clear up the two Rational numbers.
]]></system-out>
  </testcase>
  <testcase name="testSubtract" classname="RationalTest" time="0.001">
    <system-out><![CDATA[Initializing the two Rational numbers.
Clear up the two Rational numbers.
]]></system-out>
  </testcase>
  <testcase name="testToString" classname="RationalTest" time="0.0">
    <system-out><![CDATA[Initializing the two Rational numbers.
Clear up the two Rational numbers.
]]></system-out>
  </testcase>
  <testcase name="testCompareTo" classname="RationalTest" time="0.0">
    <system-out><![CDATA[Initializing the two Rational numbers.
Clear up the two Rational numbers.
]]></system-out>
  </testcase>
  <testcase name="testDivide" classname="RationalTest" time="0.0">
    <system-out><![CDATA[Initializing the two Rational numbers.
Clear up the two Rational numbers.
]]></system-out>
  </testcase>
  <testcase name="testEquals" classname="RationalTest" time="0.0">
    <system-out><![CDATA[Initializing the two Rational numbers.
Clear up the two Rational numbers.
]]></system-out>
  </testcase>
  <testcase name="testMultiply" classname="RationalTest" time="0.001">
    <system-out><![CDATA[Initializing the two Rational numbers.
Clear up the two Rational numbers.
]]></system-out>
  </testcase>
</testsuite>